........
.ooo#...
.oSo#.T.
.ooo#...
........
........

........
.ooo#...
.oS0#.T.
.ooo#...
........
........

..oo....
.oo0#...
.oS0#.T.
.ooo#...
........
........

..oo....
.oo0#...
.oS0#.T.
.oo0#...
..oo....
........

.ooo....
.o00#...
.oS0#.T.
.oo0#...
..oo....
........

.ooo....
oo00#...
o0S0#.T.
ooo0#...
..oo....
........

.ooo....
oo00#...
o0S0#.T.
oo00#...
.ooo....
........

.oo0o...
oo00#...
o0S0#.T.
oo00#...
.ooo....
........

.oo00o..
oo00#...
o0S0#.T.
oo00#...
.ooo....
........

.oo000o.
oo00#oo.
o0S0#.T.
oo00#...
.ooo....
........

.oo000oo
oo00#o0o
o0S0#oTo
oo00#...
.ooo....
........

----------
.oo000oo
oo00#o0o
o0S0#oTo
oo00#...
.ooo....
........

.oo000oo
oo00#o@o
o0S0#oTo
oo00#...
.ooo....
........

.oo00@oo
oo00#o@o
o0S0#oTo
oo00#...
.ooo....
........

.oo0@@oo
oo00#o@o
o0S0#oTo
oo00#...
.ooo....
........

.oo@@@oo
oo00#o@o
o0S0#oTo
oo00#...
.ooo....
........

.oo@@@oo
oo0@#o@o
o0S0#oTo
oo00#...
.ooo....
........

.oo@@@oo
oo0@#o@o
o0S0#oTo
oo00#...
.ooo....
........

min distance: 68
oo......
So#..#..
oo#.#...
....#T..

oo......
So#..#..
o0#.#...
oo..#T..

oo......
So#..#..
o0#.#...
o0o.#T..

oo......
So#..#..
o0#.#...
o00o#T..

oo......
So#..#..
o0#o#...
o000#T..

oo......
S0#..#..
o0#o#...
o000#T..

oo......
S0#..#..
00#o#...
o000#T..

oo......
S0#..#..
00#o#...
0000#T..

o0o.....
S0#..#..
00#o#...
0000#T..

o00o....
S0#..#..
00#o#...
0000#T..

o000o...
S0#oo#..
00#o#...
0000#T..

o000o...
S0#o0#..
00#o#...
0000#T..

o0000o..
S0#o0#..
00#o#...
0000#T..

o00000o.
S0#o0#..
00#o#...
0000#T..

o00000o.
S0#00#..
00#o#...
0000#T..

o00000o.
S0#00#..
00#0#...
0000#T..

000000o.
S0#00#..
00#0#...
0000#T..

0000000o
S0#00#oo
00#0#...
0000#T..

0000000o
S0#00#0o
00#0#.oo
0000#T..

0000000o
S0#00#0o
00#0#o0o
0000#Too

----------
0000000o
S0#00#0o
00#0#o0o
0000#Too

0000000o
S0#00#0o
00#0#o@o
0000#Too

0000000o
S0#00#@o
00#0#o@o
0000#Too

000000@o
S0#00#@o
00#0#o@o
0000#Too

00000@@o
S0#00#@o
00#0#o@o
0000#Too

0000@@@o
S0#00#@o
00#0#o@o
0000#Too

000@@@@o
S0#00#@o
00#0#o@o
0000#Too

00@@@@@o
S0#00#@o
00#0#o@o
0000#Too

0@@@@@@o
S0#00#@o
00#0#o@o
0000#Too

0@@@@@@o
S0#00#@o
00#0#o@o
0000#Too

min distance: 98
ooo.........
oSo.........
ooo...####..
.##.........
...........#
.....###...#
...........#
..####..####
............
....#####...
..#.........
..#......T..

ooo.........
oSoo........
oo0o..####..
.##.........
...........#
.....###...#
...........#
..####..####
............
....#####...
..#.........
..#......T..

ooo.........
oSooo.......
oo00o.####..
.##oo.......
...........#
.....###...#
...........#
..####..####
............
....#####...
..#.........
..#......T..

ooo.........
oSooo.......
oo00oo####..
.##o0o......
...ooo.....#
.....###...#
...........#
..####..####
............
....#####...
..#.........
..#......T..

ooo.........
oSooo.......
oo00oo####..
.##o0oo.....
...oo0o....#
.....###...#
...........#
..####..####
............
....#####...
..#.........
..#......T..

ooo.........
oSooo.......
oo00oo####..
.##o0ooo....
...oo00o...#
.....###...#
...........#
..####..####
............
....#####...
..#.........
..#......T..

ooo.........
oSooo.......
oo00oo####..
.##o0oooo...
...oo000o..#
.....###...#
...........#
..####..####
............
....#####...
..#.........
..#......T..

ooo.........
oSooo.......
oo00oo####..
.##o0ooooo..
...oo0000o.#
.....###oo.#
...........#
..####..####
............
....#####...
..#.........
..#......T..

ooo.........
oSooo.......
oo00oo####..
.##o0ooooo..
...oo0000oo#
.....###o0o#
........ooo#
..####..####
............
....#####...
..#.........
..#......T..

ooo.........
oSooo.......
oo00oo####..
.##o0ooooo..
...oo0000oo#
.....###o0o#
........o0o#
..####..####
............
....#####...
..#.........
..#......T..

ooo.........
oSooo.......
oo00oo####..
.##o0oooooo.
...oo00000o#
.....###o0o#
........o0o#
..####..####
............
....#####...
..#.........
..#......T..

ooo.........
oSooo.......
oo00oo####..
.##o0oooooo.
...oo00000o#
.....###00o#
........o0o#
..####..####
............
....#####...
..#.........
..#......T..

ooo.........
oSooo.......
oo00oo####..
.##o00ooooo.
...oo00000o#
.....###00o#
........o0o#
..####..####
............
....#####...
..#.........
..#......T..

ooo.........
oSooo.......
oo00oo####..
.##o00ooooo.
...o000000o#
...oo###00o#
........o0o#
..####..####
............
....#####...
..#.........
..#......T..

ooo.........
oSooo.......
oo00oo####..
.##o00ooooo.
...o000000o#
...o0###00o#
...oo...o0o#
..####..####
............
....#####...
..#.........
..#......T..

ooo.........
oSooo.......
oo00oo####..
.##o00ooooo.
...o000000o#
...o0###00o#
...o0o..o0o#
..####..####
............
....#####...
..#.........
..#......T..

ooo.........
oSooo.......
oo00oo####..
.##o00ooooo.
...o000000o#
...o0###00o#
...o00o.o0o#
..####..####
............
....#####...
..#.........
..#......T..

ooo.........
oSooo.......
oo00oo####..
.##o00ooooo.
...o000000o#
...o0###00o#
...o000oo0o#
..####oo####
............
....#####...
..#.........
..#......T..

ooo.........
oSooo.......
oo00oo####..
.##o00ooooo.
...o000000o#
...o0###00o#
...o000oo0o#
..####o0####
......oo....
....#####...
..#.........
..#......T..

ooo.........
oSooo.......
oo00oo####..
.##o00ooooo.
...o000000o#
...o0###00o#
...o000oo0o#
..####o0####
......o0o...
....#####...
..#.........
..#......T..

ooo.........
oSooo.......
oo00oo####..
.##o00ooooo.
...o000000o#
...o0###00o#
...o000oo0o#
..####o0####
......o00o..
....#####...
..#.........
..#......T..

ooo.........
oSooo.......
oo00oo####..
.##o00ooooo.
...o000000o#
...o0###00o#
...o000oo0o#
..####o0####
......o000o.
....#####oo.
..#.........
..#......T..

ooo.........
oSooo.......
oo00oo####..
.##o00ooooo.
...o000000o#
...o0###00o#
...o000oo0o#
..####o0####
......o000o.
....#####0o.
..#......oo.
..#......T..

ooo.........
oSooo.......
oo00oo####..
.##o00ooooo.
...o000000o#
...o0###00o#
...o000oo0o#
..####o0####
......o000o.
....#####0o.
..#.....o0o.
..#.....oTo.

----------
ooo.........
oSooo.......
oo00oo####..
.##o00ooooo.
...o000000o#
...o0###00o#
...o000oo0o#
..####o0####
......o000o.
....#####0o.
..#.....o0o.
..#.....oTo.

ooo.........
oSooo.......
oo00oo####..
.##o00ooooo.
...o000000o#
...o0###00o#
...o000oo0o#
..####o0####
......o000o.
....#####0o.
..#.....o@o.
..#.....oTo.

ooo.........
oSooo.......
oo00oo####..
.##o00ooooo.
...o000000o#
...o0###00o#
...o000oo0o#
..####o0####
......o000o.
....#####@o.
..#.....o@o.
..#.....oTo.

ooo.........
oSooo.......
oo00oo####..
.##o00ooooo.
...o000000o#
...o0###00o#
...o000oo0o#
..####o0####
......o00@o.
....#####@o.
..#.....o@o.
..#.....oTo.

ooo.........
oSooo.......
oo00oo####..
.##o00ooooo.
...o000000o#
...o0###00o#
...o000oo0o#
..####o0####
......o0@@o.
....#####@o.
..#.....o@o.
..#.....oTo.

ooo.........
oSooo.......
oo00oo####..
.##o00ooooo.
...o000000o#
...o0###00o#
...o000oo0o#
..####o0####
......o@@@o.
....#####@o.
..#.....o@o.
..#.....oTo.

ooo.........
oSooo.......
oo00oo####..
.##o00ooooo.
...o000000o#
...o0###00o#
...o000oo0o#
..####o@####
......o@@@o.
....#####@o.
..#.....o@o.
..#.....oTo.

ooo.........
oSooo.......
oo00oo####..
.##o00ooooo.
...o000000o#
...o0###00o#
...o00@oo0o#
..####o@####
......o@@@o.
....#####@o.
..#.....o@o.
..#.....oTo.

ooo.........
oSooo.......
oo00oo####..
.##o00ooooo.
...o000000o#
...o0###00o#
...o0@@oo0o#
..####o@####
......o@@@o.
....#####@o.
..#.....o@o.
..#.....oTo.

ooo.........
oSooo.......
oo00oo####..
.##o00ooooo.
...o000000o#
...o0###00o#
...o@@@oo0o#
..####o@####
......o@@@o.
....#####@o.
..#.....o@o.
..#.....oTo.

ooo.........
oSooo.......
oo00oo####..
.##o00ooooo.
...o000000o#
...o@###00o#
...o@@@oo0o#
..####o@####
......o@@@o.
....#####@o.
..#.....o@o.
..#.....oTo.

ooo.........
oSooo.......
oo00oo####..
.##o00ooooo.
...o@00000o#
...o@###00o#
...o@@@oo0o#
..####o@####
......o@@@o.
....#####@o.
..#.....o@o.
..#.....oTo.

ooo.........
oSooo.......
oo00oo####..
.##o@0ooooo.
...o@00000o#
...o@###00o#
...o@@@oo0o#
..####o@####
......o@@@o.
....#####@o.
..#.....o@o.
..#.....oTo.

ooo.........
oSooo.......
oo0@oo####..
.##o@0ooooo.
...o@00000o#
...o@###00o#
...o@@@oo0o#
..####o@####
......o@@@o.
....#####@o.
..#.....o@o.
..#.....oTo.

ooo.........
oSooo.......
oo@@oo####..
.##o@0ooooo.
...o@00000o#
...o@###00o#
...o@@@oo0o#
..####o@####
......o@@@o.
....#####@o.
..#.....o@o.
..#.....oTo.

ooo.........
oSooo.......
oo@@oo####..
.##o@0ooooo.
...o@00000o#
...o@###00o#
...o@@@oo0o#
..####o@####
......o@@@o.
....#####@o.
..#.....o@o.
..#.....oTo.

min distance: 162
So......
oo......
........
......#.
......#.
......#.
.######.
.......T

Soo.....
o0o.....
ooo.....
......#.
......#.
......#.
.######.
.......T

Soo.....
o0oo....
oo0o....
.ooo..#.
......#.
......#.
.######.
.......T

Soo.....
o0oo....
oo0oo...
.oo0o.#.
..ooo.#.
......#.
.######.
.......T

Soo.....
o0oo....
oo0oo...
.oo0oo#.
..oo0o#.
...ooo#.
.######.
.......T

Soo.....
o0oo....
oo0oo...
.oo0oo#.
..oo0o#.
...oo0#.
.######.
.......T

Soo.....
o0oo....
oo0oo...
.oo0oo#.
..oo00#.
...oo0#.
.######.
.......T

Soo.....
o0oo....
oo0oo...
.oo0oo#.
..oo00#.
...o00#.
.######.
.......T

Soo.....
o0oo....
oo0ooo..
.oo00o#.
..oo00#.
...o00#.
.######.
.......T

Soo.....
o0oo....
oo0ooo..
.oo00o#.
..o000#.
..oo00#.
.######.
.......T

Soo.....
o0ooo...
oo00oo..
.oo00o#.
..o000#.
..oo00#.
.######.
.......T

Soo.....
o0ooo...
oo00oo..
.o000o#.
.oo000#.
..oo00#.
.######.
.......T

Soo.....
o0ooo...
oo00oo..
.o0000#.
.oo000#.
..oo00#.
.######.
.......T

Soo.....
o0ooo...
oo00oo..
.o0000#.
.oo000#.
..o000#.
.######.
.......T

Sooo....
o00oo...
oo00oo..
.o0000#.
.oo000#.
..o000#.
.######.
.......T

Sooo....
o00oo...
o000oo..
oo0000#.
.oo000#.
..o000#.
.######.
.......T

Sooo....
o00ooo..
o0000o..
oo0000#.
.oo000#.
..o000#.
.######.
.......T

Sooo....
o00oooo.
o00000o.
oo0000#.
.oo000#.
..o000#.
.######.
.......T

Sooo....
o00ooooo
o000000o
oo0000#.
.oo000#.
..o000#.
.######.
.......T

Sooo....
o00ooooo
o0000000
oo0000#o
.oo000#.
..o000#.
.######.
.......T

Sooo....
o00ooooo
o0000000
oo0000#0
.oo000#o
..o000#.
.######.
.......T

Sooo....
o00ooooo
o0000000
oo0000#0
.oo000#0
..o000#o
.######.
.......T

Sooo....
o00ooooo
o0000000
oo0000#0
.oo000#0
..o000#0
.######o
.......T

Sooo....
o00ooooo
o0000000
oo0000#0
.oo000#0
..o000#0
.######0
.......T

----------
Sooo....
o00ooooo
o0000000
oo0000#0
.oo000#0
..o000#0
.######0
.......T

Sooo....
o00ooooo
o0000000
oo0000#0
.oo000#0
..o000#0
.######@
.......T

Sooo....
o00ooooo
o0000000
oo0000#0
.oo000#0
..o000#@
.######@
.......T

Sooo....
o00ooooo
o0000000
oo0000#0
.oo000#@
..o000#@
.######@
.......T

Sooo....
o00ooooo
o0000000
oo0000#@
.oo000#@
..o000#@
.######@
.......T

Sooo....
o00ooooo
o000000@
oo0000#@
.oo000#@
..o000#@
.######@
.......T

Sooo....
o00ooooo
o00000@@
oo0000#@
.oo000#@
..o000#@
.######@
.......T

Sooo....
o00ooooo
o0000@@@
oo0000#@
.oo000#@
..o000#@
.######@
.......T

Sooo....
o00ooooo
o000@@@@
oo0000#@
.oo000#@
..o000#@
.######@
.......T

Sooo....
o00ooooo
o00@@@@@
oo0000#@
.oo000#@
..o000#@
.######@
.......T

Sooo....
o00ooooo
o0@@@@@@
oo0000#@
.oo000#@
..o000#@
.######@
.......T

Sooo....
o@0ooooo
o0@@@@@@
oo0000#@
.oo000#@
..o000#@
.######@
.......T

Sooo....
o@0ooooo
o0@@@@@@
oo0000#@
.oo000#@
..o000#@
.######@
.......T

min distance: 128
ooo..
oSo..
ooo..
...##
...#T

ooo..
oSoo.
oo0o.
.oo##
...#T

ooo..
oSooo
oo00o
.oo##
...#T

ooo..
oSooo
oo000
.oo##
...#T

ooo..
oSooo
oo000
.o0##
.oo#T

ooo..
oSooo
oo000
.o0##
.o0#T

oooo.
oS0oo
oo000
.o0##
.o0#T

oooo.
oS0oo
o0000
oo0##
.o0#T

ooooo
oS00o
o0000
oo0##
.o0#T

ooooo
oS000
o0000
oo0##
.o0#T

ooooo
oS000
o0000
o00##
oo0#T

ooooo
oS000
o0000
o00##
o00#T

oo0oo
oS000
o0000
o00##
o00#T

oo00o
oS000
o0000
o00##
o00#T

oo000
oS000
o0000
o00##
o00#T

oo000
oS000
00000
o00##
o00#T

oo000
oS000
00000
000##
o00#T

oo000
oS000
00000
000##
000#T

o0000
oS000
00000
000##
000#T

o0000
0S000
00000
000##
000#T

00000
0S000
00000
000##
000#T

NO ROUTE
----------
min distance: 100000000
